<?xml version="1.0" encoding="UTF-8"?>
<!-- Generated by org.testng.reporters.JUnitReportReporter -->
<testsuite hostname="DESKTOP-AB" failures="0" tests="1" name="tests.LaunchAppTest" time="22.311" errors="0" timestamp="2025-08-28T15:52:08 AST" skipped="0">
  <testcase classname="tests.LaunchAppTest" name="verifyWelcomeAndLoginFlow" time="22.311"/>
</testsuite> <!-- tests.LaunchAppTest -->
